<?xml version="1.0" encoding="UTF-8"?>
<!-- Generated by org.testng.reporters.JUnitReportReporter -->
<testsuite hostname="DESKTOP-PVBHUTH" failures="0" tests="2" name="com.telus.ninjaapplication.testcases.TestDataEndToEndApplication" time="48.197" errors="0" timestamp="2023-03-23T19:29:17 IST" skipped="0">
  <testcase classname="com.telus.ninjaapplication.testcases.TestDataEndToEndApplication" name="getRegisterPage" time="40.852"/>
  <system-out/>
  <testcase classname="com.telus.ninjaapplication.testcases.TestDataEndToEndApplication" name="getLoginPage" time="7.345"/>
  <system-out/>
</testsuite> <!-- com.telus.ninjaapplication.testcases.TestDataEndToEndApplication -->
