<?xml version="1.0" encoding="UTF-8"?>
<!-- Generated by org.testng.reporters.JUnitReportReporter -->
<testsuite hostname="DESKTOP-PVBHUTH" failures="0" tests="5" name="com.telus.ninjaapplication.testcases.TestDataEndToEndApplication" time="83.110" errors="0" timestamp="2023-03-29T19:19:52 IST" skipped="0">
  <testcase classname="com.telus.ninjaapplication.testcases.TestDataEndToEndApplication" name="getRegisterErrorPage" time="23.792"/>
  <system-out/>
  <testcase classname="com.telus.ninjaapplication.testcases.TestDataEndToEndApplication" name="getRegisterPage" time="41.494"/>
  <system-out/>
  <testcase classname="com.telus.ninjaapplication.testcases.TestDataEndToEndApplication" name="getLoginPage1" time="5.410"/>
  <system-out/>
  <testcase classname="com.telus.ninjaapplication.testcases.TestDataEndToEndApplication" name="getLoginPage2" time="5.492"/>
  <system-out/>
  <testcase classname="com.telus.ninjaapplication.testcases.TestDataEndToEndApplication" name="getLoginPage" time="6.922"/>
  <system-out/>
</testsuite> <!-- com.telus.ninjaapplication.testcases.TestDataEndToEndApplication -->
